0 info it worked if it ends with ok
1 verbose cli [ '/usr/bin/node', '/usr/bin/npm', 'install', '-g', 'react-tools' ]
2 info using npm@1.4.28
3 info using node@v0.10.33
4 verbose node symlink /usr/bin/node
5 verbose cache add [ 'react-tools', null ]
6 verbose cache add name=undefined spec="react-tools" args=["react-tools",null]
7 verbose parsed url { protocol: null,
7 verbose parsed url   slashes: null,
7 verbose parsed url   auth: null,
7 verbose parsed url   host: null,
7 verbose parsed url   port: null,
7 verbose parsed url   hostname: null,
7 verbose parsed url   hash: null,
7 verbose parsed url   search: null,
7 verbose parsed url   query: null,
7 verbose parsed url   pathname: 'react-tools',
7 verbose parsed url   path: 'react-tools',
7 verbose parsed url   href: 'react-tools' }
8 silly lockFile 0f761efe-react-tools react-tools
9 verbose lock react-tools /home/aleph/.npm/0f761efe-react-tools.lock
10 silly lockFile 0f761efe-react-tools react-tools
11 silly lockFile 0f761efe-react-tools react-tools
12 verbose addNamed [ 'react-tools', '' ]
13 verbose addNamed [ null, '*' ]
14 silly lockFile 47fcd5e0-react-tools react-tools@
15 verbose lock react-tools@ /home/aleph/.npm/47fcd5e0-react-tools.lock
16 silly addNameRange { name: 'react-tools', range: '*', hasData: false }
17 verbose request where is /react-tools
18 verbose request registry https://registry.npmjs.org/
19 verbose request id 05007e33da9ce3e7
20 verbose url raw /react-tools
21 verbose url resolving [ 'https://registry.npmjs.org/', './react-tools' ]
22 verbose url resolved https://registry.npmjs.org/react-tools
23 verbose request where is https://registry.npmjs.org/react-tools
24 info trying registry request attempt 1 at 20:08:05
25 http GET https://registry.npmjs.org/react-tools
26 http 200 https://registry.npmjs.org/react-tools
27 silly registry.get cb [ 200,
27 silly registry.get   { date: 'Mon, 23 Mar 2015 01:08:05 GMT',
27 silly registry.get     server: 'CouchDB/1.5.0 (Erlang OTP/R16B03)',
27 silly registry.get     etag: '"45G4N9WN2WOYHSE30KRFV5YGF"',
27 silly registry.get     'content-type': 'application/json',
27 silly registry.get     'cache-control': 'max-age=60',
27 silly registry.get     'content-length': '65191',
27 silly registry.get     'accept-ranges': 'bytes',
27 silly registry.get     via: '1.1 varnish',
27 silly registry.get     age: '0',
27 silly registry.get     'x-served-by': 'cache-dfw1828-DFW',
27 silly registry.get     'x-cache': 'HIT',
27 silly registry.get     'x-cache-hits': '1',
27 silly registry.get     'x-timer': 'S1427072885.680996,VS0,VE264',
27 silly registry.get     vary: 'Accept',
27 silly registry.get     'keep-alive': 'timeout=10, max=50',
27 silly registry.get     connection: 'Keep-Alive' } ]
28 silly addNameRange number 2 { name: 'react-tools', range: '*', hasData: true }
29 silly addNameRange versions [ 'react-tools',
29 silly addNameRange   [ '0.3.0',
29 silly addNameRange     '0.3.1',
29 silly addNameRange     '0.3.2',
29 silly addNameRange     '0.3.3',
29 silly addNameRange     '0.4.0',
29 silly addNameRange     '0.4.1',
29 silly addNameRange     '0.5.0',
29 silly addNameRange     '0.5.1',
29 silly addNameRange     '0.4.2',
29 silly addNameRange     '0.5.2',
29 silly addNameRange     '0.8.0',
29 silly addNameRange     '0.9.0-rc1',
29 silly addNameRange     '0.9.0',
29 silly addNameRange     '0.10.0-rc1',
29 silly addNameRange     '0.10.0',
29 silly addNameRange     '0.11.0-rc1',
29 silly addNameRange     '0.11.0',
29 silly addNameRange     '0.11.1',
29 silly addNameRange     '0.11.2',
29 silly addNameRange     '0.12.0-rc1',
29 silly addNameRange     '0.12.0',
29 silly addNameRange     '0.12.1',
29 silly addNameRange     '0.12.2',
29 silly addNameRange     '0.13.0-alpha.1',
29 silly addNameRange     '0.13.0-alpha.2',
29 silly addNameRange     '0.13.0-beta.1',
29 silly addNameRange     '0.13.0-beta.2',
29 silly addNameRange     '0.13.0-rc1',
29 silly addNameRange     '0.13.0-rc2',
29 silly addNameRange     '0.13.0',
29 silly addNameRange     '0.13.1' ] ]
30 verbose addNamed [ 'react-tools', '0.13.1' ]
31 verbose addNamed [ '0.13.1', '0.13.1' ]
32 silly lockFile bcc38442-react-tools-0-13-1 react-tools@0.13.1
33 verbose lock react-tools@0.13.1 /home/aleph/.npm/bcc38442-react-tools-0-13-1.lock
34 silly lockFile 01386f93-act-tools-react-tools-0-13-1-tgz https://registry.npmjs.org/react-tools/-/react-tools-0.13.1.tgz
35 verbose lock https://registry.npmjs.org/react-tools/-/react-tools-0.13.1.tgz /home/aleph/.npm/01386f93-act-tools-react-tools-0-13-1-tgz.lock
36 verbose addRemoteTarball [ 'https://registry.npmjs.org/react-tools/-/react-tools-0.13.1.tgz',
36 verbose addRemoteTarball   '7e8ea87c771d9f2114473950fa2fa8d2e3b8200d' ]
37 info retry fetch attempt 1 at 20:08:06
38 verbose fetch to= /tmp/npm-4924-yisQOc2n/registry.npmjs.org/react-tools/-/react-tools-0.13.1.tgz
39 http GET https://registry.npmjs.org/react-tools/-/react-tools-0.13.1.tgz
40 http 200 https://registry.npmjs.org/react-tools/-/react-tools-0.13.1.tgz
41 silly lockFile 01386f93-act-tools-react-tools-0-13-1-tgz https://registry.npmjs.org/react-tools/-/react-tools-0.13.1.tgz
42 silly lockFile 01386f93-act-tools-react-tools-0-13-1-tgz https://registry.npmjs.org/react-tools/-/react-tools-0.13.1.tgz
43 silly lockFile bcc38442-react-tools-0-13-1 react-tools@0.13.1
44 silly lockFile bcc38442-react-tools-0-13-1 react-tools@0.13.1
45 silly lockFile 47fcd5e0-react-tools react-tools@
46 silly lockFile 47fcd5e0-react-tools react-tools@
47 silly resolved [ { name: 'react-tools',
47 silly resolved     description: 'A set of complementary tools to React, including the JSX transformer.',
47 silly resolved     version: '0.13.1',
47 silly resolved     keywords: [ 'react', 'jsx', 'transformer', 'view' ],
47 silly resolved     homepage: 'http://facebook.github.io/react',
47 silly resolved     bugs: { url: 'https://github.com/facebook/react/issues' },
47 silly resolved     license: 'BSD-3-Clause',
47 silly resolved     files:
47 silly resolved      [ 'main.js',
47 silly resolved        'bin/jsx',
47 silly resolved        'src/',
47 silly resolved        'vendor/fbtransform/',
47 silly resolved        'vendor/inline-source-map.js' ],
47 silly resolved     main: 'main.js',
47 silly resolved     bin: { jsx: './bin/jsx' },
47 silly resolved     repository: { type: 'git', url: 'https://github.com/facebook/react' },
47 silly resolved     dependencies: { commoner: '^0.10.0', jstransform: '^10.1.0' },
47 silly resolved     devDependencies:
47 silly resolved      { benchmark: '~1.0.0',
47 silly resolved        browserify: '^9.0.3',
47 silly resolved        'bundle-collapser': '^1.1.1',
47 silly resolved        'coffee-script': '^1.8.0',
47 silly resolved        coverify: '~1.0.4',
47 silly resolved        derequire: '^2.0.0',
47 silly resolved        envify: '^3.0.0',
47 silly resolved        es3ify: '~0.1.2',
47 silly resolved        'es5-shim': '^4.0.0',
47 silly resolved        eslint: '^0.14.1',
47 silly resolved        'esprima-fb': '^13001.1001.0-dev-harmony-fb',
47 silly resolved        grunt: '~0.4.2',
47 silly resolved        'grunt-cli': '~0.1.9',
47 silly resolved        'grunt-compare-size': '~0.4.0',
47 silly resolved        'grunt-contrib-clean': '^0.6.0',
47 silly resolved        'grunt-contrib-compress': '^0.13.0',
47 silly resolved        'grunt-contrib-connect': '~0.6.0',
47 silly resolved        'grunt-contrib-copy': '^0.8.0',
47 silly resolved        'grunt-contrib-jshint': '^0.10.0',
47 silly resolved        'grunt-jest': '^0.1.2',
47 silly resolved        'gzip-js': '~0.3.2',
47 silly resolved        'jasmine-tapreporter': '~0.2.2',
47 silly resolved        'jest-cli': '^0.2.1',
47 silly resolved        optimist: '~0.6.0',
47 silly resolved        phantomjs: '~1.9',
47 silly resolved        platform: '^1.1.0',
47 silly resolved        populist: '~0.1.6',
47 silly resolved        recast: '^0.9.11',
47 silly resolved        'sauce-tunnel': '~1.1.0',
47 silly resolved        tmp: '~0.0.18',
47 silly resolved        typescript: '^1.4.0',
47 silly resolved        'uglify-js': '~2.4.0',
47 silly resolved        uglifyify: '^3.0.1',
47 silly resolved        wd: '~0.2.6' },
47 silly resolved     engines: { node: '>=0.10.0' },
47 silly resolved     preferGlobal: true,
47 silly resolved     commonerConfig: { version: 4 },
47 silly resolved     scripts:
47 silly resolved      { test: 'jest',
47 silly resolved        jest: 'jest',
47 silly resolved        lint: 'eslint src',
47 silly resolved        build: 'grunt build' },
47 silly resolved     jest:
47 silly resolved      { rootDir: '',
47 silly resolved        scriptPreprocessor: 'jest/preprocessor.js',
47 silly resolved        setupEnvScriptFile: 'jest/environment.js',
47 silly resolved        persistModuleRegistryBetweenSpecs: true,
47 silly resolved        testFileExtensions: [Object],
47 silly resolved        modulePathIgnorePatterns: [Object],
47 silly resolved        testPathIgnorePatterns: [Object],
47 silly resolved        unmockedModulePathPatterns: [Object] },
47 silly resolved     _id: 'react-tools@0.13.1',
47 silly resolved     _shasum: '7e8ea87c771d9f2114473950fa2fa8d2e3b8200d',
47 silly resolved     _resolved: 'https://registry.npmjs.org/react-tools/-/react-tools-0.13.1.tgz',
47 silly resolved     _from: 'react-tools@',
47 silly resolved     _npmVersion: '2.7.1',
47 silly resolved     _nodeVersion: '0.10.36',
47 silly resolved     _npmUser: { name: 'zpao', email: 'paul@oshannessy.com' },
47 silly resolved     maintainers: [ [Object], [Object] ],
47 silly resolved     dist:
47 silly resolved      { shasum: '7e8ea87c771d9f2114473950fa2fa8d2e3b8200d',
47 silly resolved        tarball: 'http://registry.npmjs.org/react-tools/-/react-tools-0.13.1.tgz' },
47 silly resolved     directories: {} } ]
48 info install react-tools@0.13.1 into /usr/lib
49 info installOne react-tools@0.13.1
50 verbose lib/node_modules/react-tools unbuild
51 verbose tar unpack /home/aleph/.npm/react-tools/0.13.1/package.tgz
52 silly lockFile eaf1e453-usr-lib-node-modules-react-tools tar:///usr/lib/node_modules/react-tools
53 verbose lock tar:///usr/lib/node_modules/react-tools /home/aleph/.npm/eaf1e453-usr-lib-node-modules-react-tools.lock
54 silly lockFile 1dc6a7bc-m-react-tools-0-13-1-package-tgz tar:///home/aleph/.npm/react-tools/0.13.1/package.tgz
55 verbose lock tar:///home/aleph/.npm/react-tools/0.13.1/package.tgz /home/aleph/.npm/1dc6a7bc-m-react-tools-0-13-1-package-tgz.lock
56 silly gunzTarPerm modes [ '775', '664' ]
57 error Error: EACCES, mkdir '/usr/lib/node_modules/react-tools'
57 error  { [Error: EACCES, mkdir '/usr/lib/node_modules/react-tools']
57 error   errno: 3,
57 error   code: 'EACCES',
57 error   path: '/usr/lib/node_modules/react-tools',
57 error   fstream_type: 'Directory',
57 error   fstream_path: '/usr/lib/node_modules/react-tools',
57 error   fstream_class: 'DirWriter',
57 error   fstream_stack:
57 error    [ '/usr/lib/node_modules/npm/node_modules/fstream/lib/dir-writer.js:36:23',
57 error      '/usr/lib/node_modules/npm/node_modules/mkdirp/index.js:46:53',
57 error      'Object.oncomplete (fs.js:107:15)' ] }
58 error Please try running this command again as root/Administrator.
59 error System Linux 3.16.0-31-generic
60 error command "/usr/bin/node" "/usr/bin/npm" "install" "-g" "react-tools"
61 error cwd /home/aleph/Documents/repos/margherita
62 error node -v v0.10.33
63 error npm -v 1.4.28
64 error path /usr/lib/node_modules/react-tools
65 error fstream_path /usr/lib/node_modules/react-tools
66 error fstream_type Directory
67 error fstream_class DirWriter
68 error code EACCES
69 error errno 3
70 error stack Error: EACCES, mkdir '/usr/lib/node_modules/react-tools'
71 error fstream_stack /usr/lib/node_modules/npm/node_modules/fstream/lib/dir-writer.js:36:23
71 error fstream_stack /usr/lib/node_modules/npm/node_modules/mkdirp/index.js:46:53
71 error fstream_stack Object.oncomplete (fs.js:107:15)
72 verbose exit [ 3, true ]
